
2025-02-15 20:30:23,768 WARN received SIGQUIT indicating exit request
2025-02-15 20:30:23,769 INFO waiting for laravel-queue, php-fpm to die
2025-02-15 20:30:23,772 INFO stopped: php-fpm (exit status 0)
2025-02-15 20:30:23,777 WARN stopped: laravel-queue (terminated by SIGTERM)
2025-02-15 20:30:51,999 CRIT Supervisor is running as root.  Privileges were not dropped because no user is specified in the config file.  If you intend to run as root, you can set user=root in the config file to avoid this message.
2025-02-15 20:30:52,002 INFO supervisord started with pid 1
2025-02-15 20:30:53,018 INFO spawned: 'laravel-queue' with pid 7
2025-02-15 20:30:54,020 INFO success: laravel-queue entered RUNNING state, process has stayed up for > than 1 seconds (startsecs)
2025-02-15 20:32:38,139 WARN received SIGQUIT indicating exit request
2025-02-15 20:32:38,140 INFO waiting for laravel-queue to die
2025-02-15 20:32:38,142 WARN stopped: laravel-queue (terminated by SIGTERM)
2025-02-15 20:32:59,766 CRIT Supervisor is running as root.  Privileges were not dropped because no user is specified in the config file.  If you intend to run as root, you can set user=root in the config file to avoid this message.
2025-02-15 20:32:59,769 INFO supervisord started with pid 1
2025-02-15 20:33:00,779 INFO spawned: 'laravel-queue' with pid 7
2025-02-15 20:33:01,779 INFO success: laravel-queue entered RUNNING state, process has stayed up for > than 1 seconds (startsecs)
2025-02-15 20:36:36,030 WARN received SIGQUIT indicating exit request
2025-02-15 20:36:36,031 INFO waiting for laravel-queue to die
2025-02-15 20:36:36,033 WARN stopped: laravel-queue (terminated by SIGTERM)
2025-02-15 20:37:09,982 CRIT Supervisor is running as root.  Privileges were not dropped because no user is specified in the config file.  If you intend to run as root, you can set user=root in the config file to avoid this message.
2025-02-15 20:37:09,986 INFO supervisord started with pid 1
2025-02-15 20:37:11,000 INFO spawned: 'laravel-queue' with pid 7
2025-02-15 20:37:12,004 INFO success: laravel-queue entered RUNNING state, process has stayed up for > than 1 seconds (startsecs)
2025-02-15 20:38:56,125 WARN received SIGQUIT indicating exit request
2025-02-15 20:38:56,126 INFO waiting for laravel-queue to die
2025-02-15 20:38:56,128 WARN stopped: laravel-queue (terminated by SIGTERM)
2025-02-15 20:39:02,945 CRIT Supervisor is running as root.  Privileges were not dropped because no user is specified in the config file.  If you intend to run as root, you can set user=root in the config file to avoid this message.
2025-02-15 20:39:02,949 INFO supervisord started with pid 1
2025-02-15 20:39:03,960 INFO spawned: 'laravel-queue' with pid 8
2025-02-15 20:39:04,962 INFO success: laravel-queue entered RUNNING state, process has stayed up for > than 1 seconds (startsecs)
2025-02-15 20:46:53,508 WARN received SIGQUIT indicating exit request
2025-02-15 20:46:53,508 INFO waiting for laravel-queue to die
2025-02-15 20:46:53,511 WARN stopped: laravel-queue (terminated by SIGTERM)
2025-02-15 20:47:34,332 CRIT Supervisor is running as root.  Privileges were not dropped because no user is specified in the config file.  If you intend to run as root, you can set user=root in the config file to avoid this message.
2025-02-15 20:47:34,343 INFO supervisord started with pid 1
2025-02-15 20:47:35,350 INFO spawned: 'laravel-queue' with pid 7
2025-02-15 20:47:36,352 INFO success: laravel-queue entered RUNNING state, process has stayed up for > than 1 seconds (startsecs)
2025-02-15 20:49:17,467 WARN received SIGQUIT indicating exit request
2025-02-15 20:49:17,468 INFO waiting for laravel-queue to die
2025-02-15 20:49:17,471 WARN stopped: laravel-queue (terminated by SIGTERM)
2025-02-15 21:01:58,038 CRIT Supervisor is running as root.  Privileges were not dropped because no user is specified in the config file.  If you intend to run as root, you can set user=root in the config file to avoid this message.
2025-02-15 21:01:58,043 INFO supervisord started with pid 1
2025-02-15 21:01:59,049 INFO spawned: 'laravel-queue' with pid 7
2025-02-15 21:01:59,053 INFO spawned: 'php-fpm' with pid 8
2025-02-15 21:02:00,098 INFO success: laravel-queue entered RUNNING state, process has stayed up for > than 1 seconds (startsecs)
2025-02-15 21:02:00,098 INFO success: php-fpm entered RUNNING state, process has stayed up for > than 1 seconds (startsecs)
2025-02-15 21:08:25,507 WARN received SIGQUIT indicating exit request
2025-02-15 21:08:25,507 INFO waiting for laravel-queue, php-fpm to die
2025-02-15 21:08:25,511 INFO stopped: php-fpm (exit status 0)
2025-02-15 21:08:25,514 WARN stopped: laravel-queue (terminated by SIGTERM)
2025-02-15 21:08:37,568 CRIT Supervisor is running as root.  Privileges were not dropped because no user is specified in the config file.  If you intend to run as root, you can set user=root in the config file to avoid this message.
2025-02-15 21:08:37,572 INFO supervisord started with pid 1
2025-02-15 21:08:38,577 INFO spawned: 'laravel-queue' with pid 7
2025-02-15 21:08:38,582 INFO spawned: 'php-fpm' with pid 8
2025-02-15 21:08:39,626 INFO success: laravel-queue entered RUNNING state, process has stayed up for > than 1 seconds (startsecs)
2025-02-15 21:08:39,627 INFO success: php-fpm entered RUNNING state, process has stayed up for > than 1 seconds (startsecs)
2025-02-15 21:16:50,683 INFO exited: laravel-queue (exit status 0; expected)
2025-02-15 21:16:51,700 INFO spawned: 'laravel-queue' with pid 15
2025-02-15 21:16:52,705 INFO success: laravel-queue entered RUNNING state, process has stayed up for > than 1 seconds (startsecs)
2025-02-15 21:17:14,612 INFO exited: laravel-queue (exit status 0; expected)
2025-02-15 21:17:15,619 INFO spawned: 'laravel-queue' with pid 20
2025-02-15 21:17:16,620 INFO success: laravel-queue entered RUNNING state, process has stayed up for > than 1 seconds (startsecs)
2025-02-15 21:17:38,521 INFO exited: laravel-queue (exit status 0; expected)
2025-02-15 21:17:39,581 INFO spawned: 'laravel-queue' with pid 25
2025-02-15 21:17:40,583 INFO success: laravel-queue entered RUNNING state, process has stayed up for > than 1 seconds (startsecs)
2025-02-15 21:18:01,974 INFO exited: laravel-queue (exit status 0; expected)
2025-02-15 21:18:02,980 INFO spawned: 'laravel-queue' with pid 30
2025-02-15 21:18:03,982 INFO success: laravel-queue entered RUNNING state, process has stayed up for > than 1 seconds (startsecs)
2025-02-15 21:18:26,018 INFO exited: laravel-queue (exit status 0; expected)
2025-02-15 21:18:27,024 INFO spawned: 'laravel-queue' with pid 35
2025-02-15 21:18:28,026 INFO success: laravel-queue entered RUNNING state, process has stayed up for > than 1 seconds (startsecs)
2025-02-15 21:18:50,247 INFO exited: laravel-queue (exit status 0; expected)
2025-02-15 21:18:51,261 INFO spawned: 'laravel-queue' with pid 40
2025-02-15 21:18:52,263 INFO success: laravel-queue entered RUNNING state, process has stayed up for > than 1 seconds (startsecs)
2025-02-15 21:19:14,347 INFO exited: laravel-queue (exit status 0; expected)
2025-02-15 21:19:15,368 INFO spawned: 'laravel-queue' with pid 45
2025-02-15 21:19:16,371 INFO success: laravel-queue entered RUNNING state, process has stayed up for > than 1 seconds (startsecs)
2025-02-15 21:19:38,287 INFO exited: laravel-queue (exit status 0; expected)
2025-02-15 21:19:39,293 INFO spawned: 'laravel-queue' with pid 50
2025-02-15 21:19:40,295 INFO success: laravel-queue entered RUNNING state, process has stayed up for > than 1 seconds (startsecs)
2025-02-15 21:19:45,301 WARN received SIGQUIT indicating exit request
2025-02-15 21:19:45,304 INFO waiting for laravel-queue, php-fpm to die
2025-02-15 21:19:45,310 INFO stopped: php-fpm (exit status 0)
2025-02-15 21:19:45,313 WARN stopped: laravel-queue (terminated by SIGTERM)
2025-02-15 21:20:19,509 CRIT Supervisor is running as root.  Privileges were not dropped because no user is specified in the config file.  If you intend to run as root, you can set user=root in the config file to avoid this message.
2025-02-15 21:20:19,528 INFO supervisord started with pid 1
2025-02-15 21:20:20,549 INFO spawned: 'laravel-queue' with pid 7
2025-02-15 21:20:20,565 INFO spawned: 'php-fpm' with pid 8
2025-02-15 21:20:21,615 INFO success: laravel-queue entered RUNNING state, process has stayed up for > than 1 seconds (startsecs)
2025-02-15 21:20:21,616 INFO success: php-fpm entered RUNNING state, process has stayed up for > than 1 seconds (startsecs)
2025-02-15 21:20:28,623 WARN received SIGQUIT indicating exit request
2025-02-15 21:20:28,624 INFO waiting for laravel-queue, php-fpm to die
2025-02-15 21:20:28,627 INFO stopped: php-fpm (exit status 0)
2025-02-15 21:20:28,630 WARN stopped: laravel-queue (terminated by SIGTERM)
2025-02-15 21:20:34,492 CRIT Supervisor is running as root.  Privileges were not dropped because no user is specified in the config file.  If you intend to run as root, you can set user=root in the config file to avoid this message.
2025-02-15 21:20:34,497 INFO supervisord started with pid 1
2025-02-15 21:20:35,508 INFO spawned: 'laravel-queue' with pid 7
2025-02-15 21:20:35,513 INFO spawned: 'php-fpm' with pid 8
2025-02-15 21:20:36,555 INFO success: laravel-queue entered RUNNING state, process has stayed up for > than 1 seconds (startsecs)
2025-02-15 21:20:36,555 INFO success: php-fpm entered RUNNING state, process has stayed up for > than 1 seconds (startsecs)
2025-02-15 21:25:06,892 WARN received SIGQUIT indicating exit request
2025-02-15 21:25:06,893 INFO waiting for laravel-queue, php-fpm to die
2025-02-15 21:25:06,896 INFO stopped: php-fpm (exit status 0)
2025-02-15 21:25:06,898 WARN stopped: laravel-queue (terminated by SIGTERM)
2025-02-15 21:25:13,100 CRIT Supervisor is running as root.  Privileges were not dropped because no user is specified in the config file.  If you intend to run as root, you can set user=root in the config file to avoid this message.
2025-02-15 21:25:13,103 INFO supervisord started with pid 1
2025-02-15 21:25:14,110 INFO spawned: 'laravel-queue' with pid 7
2025-02-15 21:25:14,115 INFO spawned: 'php-fpm' with pid 8
2025-02-15 21:25:15,159 INFO success: laravel-queue entered RUNNING state, process has stayed up for > than 1 seconds (startsecs)
2025-02-15 21:25:15,159 INFO success: php-fpm entered RUNNING state, process has stayed up for > than 1 seconds (startsecs)
2025-02-15 21:49:07,952 WARN received SIGQUIT indicating exit request
2025-02-15 21:49:07,953 INFO waiting for laravel-queue, php-fpm to die
2025-02-15 21:49:07,981 INFO stopped: php-fpm (exit status 0)
2025-02-15 21:49:07,985 WARN stopped: laravel-queue (terminated by SIGTERM)
2025-02-15 21:49:19,819 CRIT Supervisor is running as root.  Privileges were not dropped because no user is specified in the config file.  If you intend to run as root, you can set user=root in the config file to avoid this message.
2025-02-15 21:49:19,826 INFO supervisord started with pid 1
2025-02-15 21:49:20,845 INFO spawned: 'laravel-queue' with pid 7
2025-02-15 21:49:20,857 INFO spawned: 'php-fpm' with pid 8
2025-02-15 21:49:21,947 INFO success: laravel-queue entered RUNNING state, process has stayed up for > than 1 seconds (startsecs)
2025-02-15 21:49:21,947 INFO success: php-fpm entered RUNNING state, process has stayed up for > than 1 seconds (startsecs)
2025-02-15 22:09:35,752 WARN received SIGQUIT indicating exit request
2025-02-15 22:09:35,753 INFO waiting for laravel-queue, php-fpm to die
2025-02-15 22:09:35,782 INFO stopped: php-fpm (exit status 0)
2025-02-15 22:09:35,785 WARN stopped: laravel-queue (terminated by SIGTERM)
2025-02-15 22:10:14,610 CRIT Supervisor is running as root.  Privileges were not dropped because no user is specified in the config file.  If you intend to run as root, you can set user=root in the config file to avoid this message.
2025-02-15 22:10:14,619 INFO supervisord started with pid 1
2025-02-15 22:10:15,625 INFO spawned: 'laravel-queue' with pid 7
2025-02-15 22:10:15,629 INFO spawned: 'php-fpm' with pid 8
2025-02-15 22:10:16,681 INFO success: laravel-queue entered RUNNING state, process has stayed up for > than 1 seconds (startsecs)
2025-02-15 22:10:16,681 INFO success: php-fpm entered RUNNING state, process has stayed up for > than 1 seconds (startsecs)
2025-02-15 22:17:22,082 WARN received SIGQUIT indicating exit request
2025-02-15 22:17:22,083 INFO waiting for laravel-queue, php-fpm to die
2025-02-15 22:17:22,087 INFO stopped: php-fpm (exit status 0)
2025-02-15 22:17:22,091 WARN stopped: laravel-queue (terminated by SIGTERM)
2025-02-17 03:46:05,844 CRIT Supervisor is running as root.  Privileges were not dropped because no user is specified in the config file.  If you intend to run as root, you can set user=root in the config file to avoid this message.
2025-02-17 03:46:05,850 INFO supervisord started with pid 1
2025-02-17 03:46:06,855 INFO spawned: 'laravel-queue' with pid 7
2025-02-17 03:46:06,859 INFO spawned: 'php-fpm' with pid 8
2025-02-17 03:46:07,122 WARN exited: laravel-queue (exit status 255; not expected)
2025-02-17 03:46:08,153 INFO spawned: 'laravel-queue' with pid 11
2025-02-17 03:46:08,155 INFO success: php-fpm entered RUNNING state, process has stayed up for > than 1 seconds (startsecs)
2025-02-17 03:46:08,175 WARN exited: laravel-queue (exit status 255; not expected)
2025-02-17 03:46:10,182 INFO spawned: 'laravel-queue' with pid 12
2025-02-17 03:46:10,201 WARN exited: laravel-queue (exit status 255; not expected)
2025-02-17 03:46:13,214 INFO spawned: 'laravel-queue' with pid 13
2025-02-17 03:46:13,237 WARN exited: laravel-queue (exit status 255; not expected)
2025-02-17 03:46:14,239 INFO gave up: laravel-queue entered FATAL state, too many start retries too quickly
2025-02-17 03:50:24,592 WARN received SIGQUIT indicating exit request
2025-02-17 03:50:24,592 INFO waiting for php-fpm to die
2025-02-17 03:50:24,622 INFO stopped: php-fpm (exit status 0)
2025-02-17 03:50:29,734 CRIT Supervisor is running as root.  Privileges were not dropped because no user is specified in the config file.  If you intend to run as root, you can set user=root in the config file to avoid this message.
2025-02-17 03:50:29,740 INFO supervisord started with pid 1
2025-02-17 03:50:30,759 INFO spawned: 'laravel-queue' with pid 7
2025-02-17 03:50:30,766 INFO spawned: 'php-fpm' with pid 8
2025-02-17 03:50:30,874 WARN exited: laravel-queue (exit status 255; not expected)
2025-02-17 03:50:31,885 INFO spawned: 'laravel-queue' with pid 11
2025-02-17 03:50:31,887 INFO success: php-fpm entered RUNNING state, process has stayed up for > than 1 seconds (startsecs)
2025-02-17 03:50:31,921 WARN exited: laravel-queue (exit status 255; not expected)
2025-02-17 03:50:33,929 INFO spawned: 'laravel-queue' with pid 12
2025-02-17 03:50:33,948 WARN exited: laravel-queue (exit status 255; not expected)
2025-02-17 03:50:36,960 INFO spawned: 'laravel-queue' with pid 13
2025-02-17 03:50:36,993 WARN exited: laravel-queue (exit status 255; not expected)
2025-02-17 03:50:37,995 INFO gave up: laravel-queue entered FATAL state, too many start retries too quickly
2025-02-17 04:01:31,722 CRIT Supervisor is running as root.  Privileges were not dropped because no user is specified in the config file.  If you intend to run as root, you can set user=root in the config file to avoid this message.
2025-02-17 04:01:31,728 INFO supervisord started with pid 1
2025-02-17 04:01:32,750 INFO spawned: 'laravel-queue' with pid 7
2025-02-17 04:01:32,757 INFO spawned: 'php-fpm' with pid 8
2025-02-17 04:01:32,772 WARN exited: laravel-queue (exit status 255; not expected)
2025-02-17 04:01:33,811 INFO spawned: 'laravel-queue' with pid 11
2025-02-17 04:01:33,812 INFO success: php-fpm entered RUNNING state, process has stayed up for > than 1 seconds (startsecs)
2025-02-17 04:01:33,830 WARN exited: laravel-queue (exit status 255; not expected)
2025-02-17 04:01:35,838 INFO spawned: 'laravel-queue' with pid 12
2025-02-17 04:01:35,856 WARN exited: laravel-queue (exit status 255; not expected)
2025-02-17 04:01:38,869 INFO spawned: 'laravel-queue' with pid 13
2025-02-17 04:01:38,894 WARN exited: laravel-queue (exit status 255; not expected)
2025-02-17 04:01:39,897 INFO gave up: laravel-queue entered FATAL state, too many start retries too quickly
2025-02-17 04:04:10,077 WARN received SIGQUIT indicating exit request
2025-02-17 04:04:10,077 INFO waiting for php-fpm to die
2025-02-17 04:04:10,111 INFO stopped: php-fpm (exit status 0)
2025-02-17 04:04:31,642 CRIT Supervisor is running as root.  Privileges were not dropped because no user is specified in the config file.  If you intend to run as root, you can set user=root in the config file to avoid this message.
2025-02-17 04:04:31,648 INFO supervisord started with pid 1
2025-02-17 04:04:32,653 INFO spawned: 'laravel-queue' with pid 7
2025-02-17 04:04:32,657 INFO spawned: 'php-fpm' with pid 8
2025-02-17 04:04:32,676 WARN exited: laravel-queue (exit status 255; not expected)
2025-02-17 04:04:33,708 INFO spawned: 'laravel-queue' with pid 11
2025-02-17 04:04:33,709 INFO success: php-fpm entered RUNNING state, process has stayed up for > than 1 seconds (startsecs)
2025-02-17 04:04:33,727 WARN exited: laravel-queue (exit status 255; not expected)
2025-02-17 04:04:35,741 INFO spawned: 'laravel-queue' with pid 12
2025-02-17 04:04:35,775 WARN exited: laravel-queue (exit status 255; not expected)
2025-02-17 04:04:38,784 INFO spawned: 'laravel-queue' with pid 13
2025-02-17 04:04:38,803 WARN exited: laravel-queue (exit status 255; not expected)
2025-02-17 04:04:39,805 INFO gave up: laravel-queue entered FATAL state, too many start retries too quickly
2025-02-17 04:05:48,391 WARN received SIGQUIT indicating exit request
2025-02-17 04:05:48,392 INFO waiting for php-fpm to die
2025-02-17 04:05:48,416 INFO stopped: php-fpm (exit status 0)
2025-02-17 04:06:03,724 CRIT Supervisor is running as root.  Privileges were not dropped because no user is specified in the config file.  If you intend to run as root, you can set user=root in the config file to avoid this message.
2025-02-17 04:06:03,729 INFO supervisord started with pid 1
2025-02-17 04:06:04,736 INFO spawned: 'laravel-queue' with pid 7
2025-02-17 04:06:04,740 INFO spawned: 'php-fpm' with pid 8
2025-02-17 04:06:04,845 WARN exited: laravel-queue (exit status 255; not expected)
2025-02-17 04:06:05,851 INFO spawned: 'laravel-queue' with pid 11
2025-02-17 04:06:05,852 INFO success: php-fpm entered RUNNING state, process has stayed up for > than 1 seconds (startsecs)
2025-02-17 04:06:05,871 WARN exited: laravel-queue (exit status 255; not expected)
2025-02-17 04:06:07,877 INFO spawned: 'laravel-queue' with pid 28
2025-02-17 04:06:07,896 WARN exited: laravel-queue (exit status 255; not expected)
2025-02-17 04:06:10,904 INFO spawned: 'laravel-queue' with pid 45
2025-02-17 04:06:10,923 WARN exited: laravel-queue (exit status 255; not expected)
2025-02-17 04:06:11,925 INFO gave up: laravel-queue entered FATAL state, too many start retries too quickly
2025-02-17 04:09:08,130 WARN received SIGQUIT indicating exit request
2025-02-17 04:09:08,131 INFO waiting for php-fpm to die
2025-02-17 04:09:08,134 INFO stopped: php-fpm (exit status 0)
2025-02-17 10:23:16,077 CRIT Supervisor is running as root.  Privileges were not dropped because no user is specified in the config file.  If you intend to run as root, you can set user=root in the config file to avoid this message.
2025-02-17 10:23:16,083 INFO supervisord started with pid 1
2025-02-17 10:23:17,093 INFO spawned: 'laravel-queue' with pid 7
2025-02-17 10:23:17,099 INFO spawned: 'php-fpm' with pid 8
2025-02-17 10:23:17,113 WARN exited: laravel-queue (exit status 255; not expected)
2025-02-17 10:23:18,210 INFO spawned: 'laravel-queue' with pid 11
2025-02-17 10:23:18,212 INFO success: php-fpm entered RUNNING state, process has stayed up for > than 1 seconds (startsecs)
2025-02-17 10:23:18,230 WARN exited: laravel-queue (exit status 255; not expected)
2025-02-17 10:23:20,248 INFO spawned: 'laravel-queue' with pid 12
2025-02-17 10:23:20,271 WARN exited: laravel-queue (exit status 255; not expected)
2025-02-17 10:23:23,280 INFO spawned: 'laravel-queue' with pid 13
2025-02-17 10:23:23,299 WARN exited: laravel-queue (exit status 255; not expected)
2025-02-17 10:23:24,302 INFO gave up: laravel-queue entered FATAL state, too many start retries too quickly
2025-02-17 10:30:49,740 WARN received SIGQUIT indicating exit request
2025-02-17 10:30:49,742 INFO waiting for php-fpm to die
2025-02-17 10:30:49,752 INFO stopped: php-fpm (exit status 0)
2025-02-17 11:09:19,305 CRIT Supervisor is running as root.  Privileges were not dropped because no user is specified in the config file.  If you intend to run as root, you can set user=root in the config file to avoid this message.
2025-02-17 11:09:19,318 INFO supervisord started with pid 1
2025-02-17 11:09:20,324 INFO spawned: 'laravel-queue' with pid 7
2025-02-17 11:09:20,328 INFO spawned: 'php-fpm' with pid 8
2025-02-17 11:09:21,583 INFO success: laravel-queue entered RUNNING state, process has stayed up for > than 1 seconds (startsecs)
2025-02-17 11:09:21,584 INFO success: php-fpm entered RUNNING state, process has stayed up for > than 1 seconds (startsecs)
2025-02-17 11:10:52,791 WARN received SIGQUIT indicating exit request
2025-02-17 11:10:52,791 INFO waiting for laravel-queue, php-fpm to die
2025-02-17 11:10:52,828 INFO stopped: php-fpm (exit status 0)
2025-02-17 11:10:52,837 WARN stopped: laravel-queue (terminated by SIGTERM)
2025-02-17 11:10:57,836 CRIT Supervisor is running as root.  Privileges were not dropped because no user is specified in the config file.  If you intend to run as root, you can set user=root in the config file to avoid this message.
2025-02-17 11:10:57,841 INFO supervisord started with pid 1
2025-02-17 11:10:58,859 INFO spawned: 'laravel-queue' with pid 7
2025-02-17 11:10:58,871 INFO spawned: 'php-fpm' with pid 8
2025-02-17 11:10:59,958 INFO success: laravel-queue entered RUNNING state, process has stayed up for > than 1 seconds (startsecs)
2025-02-17 11:10:59,958 INFO success: php-fpm entered RUNNING state, process has stayed up for > than 1 seconds (startsecs)
2025-02-17 11:18:06,244 CRIT Supervisor is running as root.  Privileges were not dropped because no user is specified in the config file.  If you intend to run as root, you can set user=root in the config file to avoid this message.
2025-02-17 11:18:06,250 INFO supervisord started with pid 1
2025-02-17 11:18:07,260 INFO spawned: 'laravel-queue' with pid 7
2025-02-17 11:18:07,269 INFO spawned: 'php-fpm' with pid 8
2025-02-17 11:18:07,341 WARN exited: laravel-queue (exit status 255; not expected)
2025-02-17 11:18:08,379 INFO spawned: 'laravel-queue' with pid 11
2025-02-17 11:18:08,382 INFO success: php-fpm entered RUNNING state, process has stayed up for > than 1 seconds (startsecs)
2025-02-17 11:18:08,399 WARN exited: laravel-queue (exit status 255; not expected)
2025-02-17 11:18:10,411 INFO spawned: 'laravel-queue' with pid 12
2025-02-17 11:18:10,433 WARN exited: laravel-queue (exit status 255; not expected)
2025-02-17 11:18:13,444 INFO spawned: 'laravel-queue' with pid 13
2025-02-17 11:18:13,465 WARN exited: laravel-queue (exit status 255; not expected)
2025-02-17 11:18:14,468 INFO gave up: laravel-queue entered FATAL state, too many start retries too quickly
2025-02-17 11:20:41,611 INFO reaped unknown pid 288 (exit status 0)
2025-02-17 11:22:44,805 WARN received SIGQUIT indicating exit request
2025-02-17 11:22:44,807 INFO waiting for php-fpm to die
2025-02-17 11:22:44,820 INFO stopped: php-fpm (exit status 0)
2025-02-17 11:38:04,021 CRIT Supervisor is running as root.  Privileges were not dropped because no user is specified in the config file.  If you intend to run as root, you can set user=root in the config file to avoid this message.
2025-02-17 11:38:04,025 INFO supervisord started with pid 1
2025-02-17 11:38:05,047 INFO spawned: 'laravel-queue' with pid 7
2025-02-17 11:38:05,056 INFO spawned: 'php-fpm' with pid 8
2025-02-17 11:38:05,291 WARN exited: laravel-queue (exit status 255; not expected)
2025-02-17 11:38:06,319 INFO spawned: 'laravel-queue' with pid 11
2025-02-17 11:38:06,321 INFO success: php-fpm entered RUNNING state, process has stayed up for > than 1 seconds (startsecs)
2025-02-17 11:38:06,341 WARN exited: laravel-queue (exit status 255; not expected)
2025-02-17 11:38:08,357 INFO spawned: 'laravel-queue' with pid 12
2025-02-17 11:38:08,379 WARN exited: laravel-queue (exit status 255; not expected)
2025-02-17 11:38:11,395 INFO spawned: 'laravel-queue' with pid 13
2025-02-17 11:38:11,428 WARN exited: laravel-queue (exit status 255; not expected)
2025-02-17 11:38:12,431 INFO gave up: laravel-queue entered FATAL state, too many start retries too quickly
2025-02-17 11:45:01,253 CRIT Supervisor is running as root.  Privileges were not dropped because no user is specified in the config file.  If you intend to run as root, you can set user=root in the config file to avoid this message.
2025-02-17 11:45:01,262 INFO supervisord started with pid 1
2025-02-17 11:45:02,271 INFO spawned: 'laravel-queue' with pid 7
2025-02-17 11:45:02,276 INFO spawned: 'php-fpm' with pid 8
2025-02-17 11:45:02,384 WARN exited: laravel-queue (exit status 255; not expected)
2025-02-17 11:45:03,400 INFO spawned: 'laravel-queue' with pid 11
2025-02-17 11:45:03,403 INFO success: php-fpm entered RUNNING state, process has stayed up for > than 1 seconds (startsecs)
2025-02-17 11:45:03,420 WARN exited: laravel-queue (exit status 255; not expected)
2025-02-17 11:45:05,428 INFO spawned: 'laravel-queue' with pid 12
2025-02-17 11:45:05,447 WARN exited: laravel-queue (exit status 255; not expected)
2025-02-17 11:45:08,462 INFO spawned: 'laravel-queue' with pid 13
2025-02-17 11:45:08,480 WARN exited: laravel-queue (exit status 255; not expected)
2025-02-17 11:45:09,483 INFO gave up: laravel-queue entered FATAL state, too many start retries too quickly
2025-02-17 11:49:11,353 WARN received SIGQUIT indicating exit request
2025-02-17 11:49:11,355 INFO waiting for php-fpm to die
2025-02-17 11:49:11,362 INFO stopped: php-fpm (exit status 0)
2025-02-17 11:49:12,268 CRIT Supervisor is running as root.  Privileges were not dropped because no user is specified in the config file.  If you intend to run as root, you can set user=root in the config file to avoid this message.
2025-02-17 11:49:12,272 INFO supervisord started with pid 1
2025-02-17 11:49:13,278 INFO spawned: 'laravel-queue' with pid 7
2025-02-17 11:49:13,282 INFO spawned: 'php-fpm' with pid 8
2025-02-17 11:49:13,297 WARN exited: laravel-queue (exit status 255; not expected)
2025-02-17 11:49:14,333 INFO spawned: 'laravel-queue' with pid 11
2025-02-17 11:49:14,335 INFO success: php-fpm entered RUNNING state, process has stayed up for > than 1 seconds (startsecs)
2025-02-17 11:49:14,354 WARN exited: laravel-queue (exit status 255; not expected)
2025-02-17 11:49:16,361 INFO spawned: 'laravel-queue' with pid 12
2025-02-17 11:49:16,383 WARN exited: laravel-queue (exit status 255; not expected)
2025-02-17 11:49:19,392 INFO spawned: 'laravel-queue' with pid 13
2025-02-17 11:49:19,411 WARN exited: laravel-queue (exit status 255; not expected)
2025-02-17 11:49:20,414 INFO gave up: laravel-queue entered FATAL state, too many start retries too quickly
2025-02-17 11:50:33,878 WARN received SIGQUIT indicating exit request
2025-02-17 11:50:33,879 INFO waiting for php-fpm to die
2025-02-17 11:50:33,882 INFO stopped: php-fpm (exit status 0)
2025-02-17 11:53:52,439 CRIT Supervisor is running as root.  Privileges were not dropped because no user is specified in the config file.  If you intend to run as root, you can set user=root in the config file to avoid this message.
2025-02-17 11:53:52,443 INFO supervisord started with pid 1
2025-02-17 11:53:53,449 INFO spawned: 'laravel-queue' with pid 7
2025-02-17 11:53:53,454 INFO spawned: 'php-fpm' with pid 8
2025-02-17 11:53:53,472 WARN exited: laravel-queue (exit status 255; not expected)
2025-02-17 11:53:54,511 INFO spawned: 'laravel-queue' with pid 11
2025-02-17 11:53:54,514 INFO success: php-fpm entered RUNNING state, process has stayed up for > than 1 seconds (startsecs)
2025-02-17 11:53:54,534 WARN exited: laravel-queue (exit status 255; not expected)
2025-02-17 11:53:56,551 INFO spawned: 'laravel-queue' with pid 12
2025-02-17 11:53:56,571 WARN exited: laravel-queue (exit status 255; not expected)
2025-02-17 11:53:59,589 INFO spawned: 'laravel-queue' with pid 13
2025-02-17 11:53:59,612 WARN exited: laravel-queue (exit status 255; not expected)
2025-02-17 11:54:00,614 INFO gave up: laravel-queue entered FATAL state, too many start retries too quickly
2025-02-17 11:56:00,316 WARN received SIGQUIT indicating exit request
2025-02-17 11:56:00,316 INFO waiting for php-fpm to die
2025-02-17 11:56:00,319 INFO stopped: php-fpm (exit status 0)
2025-02-17 12:04:24,654 CRIT Supervisor is running as root.  Privileges were not dropped because no user is specified in the config file.  If you intend to run as root, you can set user=root in the config file to avoid this message.
2025-02-17 12:04:24,657 INFO supervisord started with pid 1
2025-02-17 12:04:25,666 INFO spawned: 'laravel-queue' with pid 7
2025-02-17 12:04:25,669 INFO spawned: 'php-fpm' with pid 8
2025-02-17 12:04:25,687 WARN exited: laravel-queue (exit status 255; not expected)
2025-02-17 12:04:26,724 INFO spawned: 'laravel-queue' with pid 11
2025-02-17 12:04:26,726 INFO success: php-fpm entered RUNNING state, process has stayed up for > than 1 seconds (startsecs)
2025-02-17 12:04:26,749 WARN exited: laravel-queue (exit status 255; not expected)
2025-02-17 12:04:28,757 INFO spawned: 'laravel-queue' with pid 12
2025-02-17 12:04:28,778 WARN exited: laravel-queue (exit status 255; not expected)
2025-02-17 12:04:31,790 INFO spawned: 'laravel-queue' with pid 13
2025-02-17 12:04:31,813 WARN exited: laravel-queue (exit status 255; not expected)
2025-02-17 12:04:32,816 INFO gave up: laravel-queue entered FATAL state, too many start retries too quickly
2025-02-17 12:04:56,555 WARN received SIGQUIT indicating exit request
2025-02-17 12:04:56,555 INFO waiting for php-fpm to die
2025-02-17 12:04:56,558 INFO stopped: php-fpm (exit status 0)
2025-02-17 12:05:15,134 CRIT Supervisor is running as root.  Privileges were not dropped because no user is specified in the config file.  If you intend to run as root, you can set user=root in the config file to avoid this message.
2025-02-17 12:05:15,137 INFO supervisord started with pid 1
2025-02-17 12:05:16,154 INFO spawned: 'laravel-queue' with pid 7
2025-02-17 12:05:16,162 INFO spawned: 'php-fpm' with pid 8
2025-02-17 12:05:16,177 WARN exited: laravel-queue (exit status 255; not expected)
2025-02-17 12:05:17,205 INFO spawned: 'laravel-queue' with pid 11
2025-02-17 12:05:17,206 INFO success: php-fpm entered RUNNING state, process has stayed up for > than 1 seconds (startsecs)
2025-02-17 12:05:17,224 WARN exited: laravel-queue (exit status 255; not expected)
2025-02-17 12:05:19,232 INFO spawned: 'laravel-queue' with pid 33
2025-02-17 12:05:19,251 WARN exited: laravel-queue (exit status 255; not expected)
2025-02-17 12:05:22,257 INFO spawned: 'laravel-queue' with pid 42
2025-02-17 12:05:22,275 WARN exited: laravel-queue (exit status 255; not expected)
2025-02-17 12:05:23,277 INFO gave up: laravel-queue entered FATAL state, too many start retries too quickly
2025-02-17 12:07:27,403 INFO reaped unknown pid 271 (exit status 0)
2025-02-17 12:30:14,825 WARN received SIGQUIT indicating exit request
2025-02-17 12:30:14,827 INFO waiting for php-fpm to die
2025-02-17 12:30:14,860 INFO stopped: php-fpm (exit status 0)
2025-02-17 12:34:00,900 CRIT Supervisor is running as root.  Privileges were not dropped because no user is specified in the config file.  If you intend to run as root, you can set user=root in the config file to avoid this message.
2025-02-17 12:34:00,908 INFO supervisord started with pid 1
2025-02-17 12:34:01,916 INFO spawned: 'laravel-queue' with pid 7
2025-02-17 12:34:01,921 INFO spawned: 'php-fpm' with pid 8
2025-02-17 12:34:02,026 WARN exited: laravel-queue (exit status 255; not expected)
2025-02-17 12:34:03,041 INFO spawned: 'laravel-queue' with pid 11
2025-02-17 12:34:03,044 INFO success: php-fpm entered RUNNING state, process has stayed up for > than 1 seconds (startsecs)
2025-02-17 12:34:03,063 WARN exited: laravel-queue (exit status 255; not expected)
2025-02-17 12:34:05,075 INFO spawned: 'laravel-queue' with pid 12
2025-02-17 12:34:05,109 WARN exited: laravel-queue (exit status 255; not expected)
2025-02-17 12:34:08,123 INFO spawned: 'laravel-queue' with pid 13
2025-02-17 12:34:08,145 WARN exited: laravel-queue (exit status 255; not expected)
2025-02-17 12:34:09,148 INFO gave up: laravel-queue entered FATAL state, too many start retries too quickly
2025-02-17 12:48:32,258 WARN received SIGQUIT indicating exit request
2025-02-17 12:48:32,258 INFO waiting for php-fpm to die
2025-02-17 12:48:32,285 INFO stopped: php-fpm (exit status 0)
2025-02-17 12:50:29,390 CRIT Supervisor is running as root.  Privileges were not dropped because no user is specified in the config file.  If you intend to run as root, you can set user=root in the config file to avoid this message.
2025-02-17 12:50:29,395 INFO supervisord started with pid 1
2025-02-17 12:50:30,401 INFO spawned: 'laravel-queue' with pid 7
2025-02-17 12:50:30,406 INFO spawned: 'php-fpm' with pid 8
2025-02-17 12:50:31,679 INFO success: laravel-queue entered RUNNING state, process has stayed up for > than 1 seconds (startsecs)
2025-02-17 12:50:31,679 INFO success: php-fpm entered RUNNING state, process has stayed up for > than 1 seconds (startsecs)
2025-02-17 13:25:56,457 WARN received SIGQUIT indicating exit request
2025-02-17 13:25:56,457 INFO waiting for laravel-queue, php-fpm to die
2025-02-17 13:25:56,480 INFO stopped: php-fpm (exit status 0)
2025-02-17 13:25:56,482 WARN stopped: laravel-queue (terminated by SIGTERM)
2025-02-17 13:26:11,043 CRIT Supervisor is running as root.  Privileges were not dropped because no user is specified in the config file.  If you intend to run as root, you can set user=root in the config file to avoid this message.
2025-02-17 13:26:11,048 INFO supervisord started with pid 1
2025-02-17 13:26:12,065 INFO spawned: 'laravel-queue' with pid 7
2025-02-17 13:26:12,071 INFO spawned: 'php-fpm' with pid 8
2025-02-17 13:26:13,158 INFO success: laravel-queue entered RUNNING state, process has stayed up for > than 1 seconds (startsecs)
2025-02-17 13:26:13,158 INFO success: php-fpm entered RUNNING state, process has stayed up for > than 1 seconds (startsecs)
2025-02-17 14:08:06,963 WARN received SIGQUIT indicating exit request
2025-02-17 14:08:06,963 INFO waiting for laravel-queue, php-fpm to die
2025-02-17 14:08:06,967 INFO stopped: php-fpm (exit status 0)
2025-02-17 14:08:06,969 WARN stopped: laravel-queue (terminated by SIGTERM)
2025-02-17 14:09:25,895 CRIT Supervisor is running as root.  Privileges were not dropped because no user is specified in the config file.  If you intend to run as root, you can set user=root in the config file to avoid this message.
2025-02-17 14:09:25,901 INFO supervisord started with pid 1
2025-02-17 14:09:26,908 INFO spawned: 'laravel-queue' with pid 7
2025-02-17 14:09:26,913 INFO spawned: 'php-fpm' with pid 8
2025-02-17 14:09:28,194 INFO success: laravel-queue entered RUNNING state, process has stayed up for > than 1 seconds (startsecs)
2025-02-17 14:09:28,194 INFO success: php-fpm entered RUNNING state, process has stayed up for > than 1 seconds (startsecs)
2025-02-17 14:09:40,209 WARN received SIGQUIT indicating exit request
2025-02-17 14:09:40,210 INFO waiting for laravel-queue, php-fpm to die
2025-02-17 14:09:40,224 INFO stopped: php-fpm (exit status 0)
2025-02-17 14:09:40,227 WARN stopped: laravel-queue (terminated by SIGTERM)
2025-02-17 14:09:54,383 CRIT Supervisor is running as root.  Privileges were not dropped because no user is specified in the config file.  If you intend to run as root, you can set user=root in the config file to avoid this message.
2025-02-17 14:09:54,386 INFO supervisord started with pid 1
2025-02-17 14:09:55,392 INFO spawned: 'laravel-queue' with pid 7
2025-02-17 14:09:55,396 INFO spawned: 'php-fpm' with pid 8
2025-02-17 14:09:56,438 INFO success: laravel-queue entered RUNNING state, process has stayed up for > than 1 seconds (startsecs)
2025-02-17 14:09:56,438 INFO success: php-fpm entered RUNNING state, process has stayed up for > than 1 seconds (startsecs)
2025-02-17 14:14:33,060 WARN received SIGQUIT indicating exit request
2025-02-17 14:14:33,061 INFO waiting for laravel-queue, php-fpm to die
2025-02-17 14:14:33,064 INFO stopped: php-fpm (exit status 0)
2025-02-17 14:14:33,066 WARN stopped: laravel-queue (terminated by SIGTERM)
2025-02-17 14:14:38,291 CRIT Supervisor is running as root.  Privileges were not dropped because no user is specified in the config file.  If you intend to run as root, you can set user=root in the config file to avoid this message.
2025-02-17 14:14:38,297 INFO supervisord started with pid 1
2025-02-17 14:14:39,309 INFO spawned: 'laravel-queue' with pid 7
2025-02-17 14:14:39,313 INFO spawned: 'php-fpm' with pid 8
2025-02-17 14:14:40,367 INFO success: laravel-queue entered RUNNING state, process has stayed up for > than 1 seconds (startsecs)
2025-02-17 14:14:40,368 INFO success: php-fpm entered RUNNING state, process has stayed up for > than 1 seconds (startsecs)
2025-02-17 14:15:17,508 WARN received SIGQUIT indicating exit request
2025-02-17 14:15:17,510 INFO waiting for laravel-queue, php-fpm to die
2025-02-17 14:15:17,525 INFO stopped: php-fpm (exit status 0)
2025-02-17 14:15:17,532 WARN stopped: laravel-queue (terminated by SIGTERM)
2025-02-17 14:15:21,568 CRIT Supervisor is running as root.  Privileges were not dropped because no user is specified in the config file.  If you intend to run as root, you can set user=root in the config file to avoid this message.
2025-02-17 14:15:21,572 INFO supervisord started with pid 1
2025-02-17 14:15:22,576 INFO spawned: 'laravel-queue' with pid 7
2025-02-17 14:15:22,580 INFO spawned: 'php-fpm' with pid 8
2025-02-17 14:15:23,626 INFO success: laravel-queue entered RUNNING state, process has stayed up for > than 1 seconds (startsecs)
2025-02-17 14:15:23,627 INFO success: php-fpm entered RUNNING state, process has stayed up for > than 1 seconds (startsecs)
2025-02-17 14:19:43,442 WARN received SIGQUIT indicating exit request
2025-02-17 14:19:43,443 INFO waiting for laravel-queue, php-fpm to die
2025-02-17 14:19:43,447 INFO stopped: php-fpm (exit status 0)
2025-02-17 14:19:43,450 WARN stopped: laravel-queue (terminated by SIGTERM)
2025-02-17 14:19:49,861 CRIT Supervisor is running as root.  Privileges were not dropped because no user is specified in the config file.  If you intend to run as root, you can set user=root in the config file to avoid this message.
2025-02-17 14:19:49,866 INFO supervisord started with pid 1
2025-02-17 14:19:50,875 INFO spawned: 'laravel-queue' with pid 7
2025-02-17 14:19:50,879 INFO spawned: 'php-fpm' with pid 8
2025-02-17 14:19:51,934 INFO success: laravel-queue entered RUNNING state, process has stayed up for > than 1 seconds (startsecs)
2025-02-17 14:19:51,934 INFO success: php-fpm entered RUNNING state, process has stayed up for > than 1 seconds (startsecs)
